<?xml version="1.0" encoding="UTF-8"?>
<!-- Generated by org.testng.reporters.JUnitReportReporter -->
<testsuite skipped="0" hostname="DESKTOP-5ULFBVP" name="script.Testdemo" tests="1" failures="0" timestamp="27 Sep 2018 06:44:55 GMT" time="111.231" errors="0">
  <testcase name="Testingmethod" time="111.231" classname="script.Testdemo"/>
</testsuite> <!-- script.Testdemo -->
